#-----------------------------------------------------------
# Vivado v2019.1 (64-bit)
# SW Build 2552052 on Fri May 24 14:49:42 MDT 2019
# IP Build 2548770 on Fri May 24 18:01:18 MDT 2019
# Start of session at: Sun Mar 14 21:59:06 2021
# Process ID: 3944
# Current directory: D:/ISE/New folder
# Command line: vivado.exe -gui_launcher_event rodinguilauncherevent12448 D:\ISE\New folder\DFF_TEST_NEW_TOP_tb_isim_beh.wdb
# Log file: D:/ISE/New folder/vivado.log
# Journal file: D:/ISE/New folder\vivado.jou
#-----------------------------------------------------------
start_gui
open_wave_database {D:\ISE\New folder\DFF_TEST_NEW_TOP_tb_isim_beh.wdb}
INFO: [IP_Flow 19-234] Refreshing IP repositories
INFO: [IP_Flow 19-1704] No user IP repositories specified
INFO: [Common 17-41] Interrupt caught. Command should exit soon.
INFO: [IP_Flow 19-2313] Loaded Vivado IP repository 'C:/Xilinx/Vivado/2019.1/data/ip'.
INFO: [IP_Flow 19-2338] Canceling the changes to the IP catalog. Reverting the catalog back to its previous state.
INFO: [IP_Flow 19-2340] The IP catalog has been returned to its previous state.
current_fileset: Time (s): cpu = 00:00:07 ; elapsed = 00:00:06 . Memory (MB): peak = 743.832 ; gain = 136.812
INFO: [Common 17-344] 'current_fileset' was cancelled
INFO: [Common 17-344] 'open_wave_database' was cancelled
1
INFO: [Common 17-344] 'rdi::open_ppr_or_dcp' was cancelled
exit
INFO: [Common 17-206] Exiting Vivado at Sun Mar 14 21:59:38 2021...
